GYFM3.exe Information: 0 : Version: 3.1.0.0
SyncControlsToFontDetails-IN
UpdateWindow-IN
Void InvokeHandler(System.Delegate, System.Object),Void UpdateWindow(),DrawToBitmap(Verdana,Regular,72,<~>,~,500,1000,1,1,1,1)
UpdateWindow-OUT
SyncControlsToFontDetails-OUT
UpdateWindow-IN
System.Object CreateInstance(System.RuntimeType, Boolean, Boolean, Boolean ByRef, System.RuntimeMethodHandleInternal ByRef, Boolean ByRef),Void UpdateWindow(),DrawToBitmap(Verdana,Regular,72,<~>,~,500,1000,1,1,1,1)
UpdateWindow-OUT
SyncFontDetailsToControls-IN
SyncFontDetailsToControls-OUT
SyncControlsToFontDetails-IN
SyncControlsToFontDetails-OUT
UpdateWindow-IN
Void buttonFont(System.Object, System.Windows.RoutedEventArgs),Void UpdateWindow(),DrawToBitmap(Vogue,ExtraBold,48,<~>,~,500,1000,1,1,1,1)
UpdateWindow-OUT
SyncFontDetailsToControls-IN
SyncFontDetailsToControls-OUT
UpdateWindow-IN
Void OnValueChanged(System.Object, System.Windows.RoutedPropertyChangedEventArgs`1[System.Object]),Void UpdateWindow(),DrawToBitmap(Vogue,ExtraBold,48,<~>,~,500,1000,1,1,0,1)
UpdateWindow-OUT
SyncFontDetailsToControls-IN
SyncFontDetailsToControls-OUT
UpdateWindow-IN
Void OnValueChanged(System.Object, System.Windows.RoutedPropertyChangedEventArgs`1[System.Object]),Void UpdateWindow(),DrawToBitmap(Vogue,ExtraBold,48,<~>,~,500,1000,1,1,0,0)
UpdateWindow-OUT
SyncFontDetailsToControls-IN
SyncFontDetailsToControls-OUT
UpdateWindow-IN
Void OnValueChanged(System.Object, System.Windows.RoutedPropertyChangedEventArgs`1[System.Object]),Void UpdateWindow(),DrawToBitmap(Vogue,ExtraBold,48,<~>,~,500,1000,0,1,0,0)
UpdateWindow-OUT
SyncFontDetailsToControls-IN
SyncFontDetailsToControls-OUT
UpdateWindow-IN
Void OnValueChanged(System.Object, System.Windows.RoutedPropertyChangedEventArgs`1[System.Object]),Void UpdateWindow(),DrawToBitmap(Vogue,ExtraBold,48,<~>,~,500,1000,0,0,0,0)
UpdateWindow-OUT
Void InvokeHandlersImpl(System.Object, System.Windows.RoutedEventArgs, Boolean),Void OnSaveFile(System.Object, System.Windows.RoutedEventArgs),DrawToBitmap(Vogue,ExtraBold,48,<~>,~,0,0,0,0,0,0)
